ERROR:root:'vendedorTipo'
DEBUG:django.db.backends:(0.000) SELECT "pacifico_cotizaciondocumento"."id", "pacifico_cotizaciondocumento"."cotizacion_id", "pacifico_cotizaciondocumento"."documento", "pacifico_cotizaciondocumento"."tipo_documento", "pacifico_cotizaciondocumento"."fecha", "pacifico_cotizaciondocumento"."observaciones", "pacifico_cotizaciondocumento"."size" FROM "pacifico_cotizaciondocumento" WHERE "pacifico_cotizaciondocumento"."cotizacion_id" = 957 LIMIT 21; args=(957,); alias=default
DEBUG:django.template:Exception while resolving variable 'pruebaFuncionalidades' in template 'fideicomiso_form.html'.
Traceback (most recent call last):
  File "C:\Users\jacastillo\Documents\GitHub\PACIFICO\venv\Lib\site-packages\django\template\base.py", line 883, in _resolve_lookup
    current = current[bit]
              ~~~~~~~^^^^^
  File "C:\Users\jacastillo\Documents\GitHub\PACIFICO\venv\Lib\site-packages\django\template\context.py", line 85, in __getitem__
    raise KeyError(key)
KeyError: 'pruebaFuncionalidades'

During handling of the above exception, another exception occurred:

Traceback (most recent call last):
  File "C:\Users\jacastillo\Documents\GitHub\PACIFICO\venv\Lib\site-packages\django\template\base.py", line 889, in _resolve_lookup
    if isinstance(current, BaseContext) and getattr(
                                            ^^^^^^^^
AttributeError: type object 'RequestContext' has no attribute 'pruebaFuncionalidades'

During handling of the above exception, another exception occurred:

Traceback (most recent call last):
  File "C:\Users\jacastillo\Documents\GitHub\PACIFICO\venv\Lib\site-packages\django\template\base.py", line 899, in _resolve_lookup
    current = current[int(bit)]
                      ^^^^^^^^
ValueError: invalid literal for int() with base 10: 'pruebaFuncionalidades'

During handling of the above exception, another exception occurred:

Traceback (most recent call last):
  File "C:\Users\jacastillo\Documents\GitHub\PACIFICO\venv\Lib\site-packages\django\template\base.py", line 906, in _resolve_lookup
    raise VariableDoesNotExist(
django.template.base.VariableDoesNotExist: Failed lookup for key [pruebaFuncionalidades] in [{'True': True, 'False': False, 'None': None}, {'csrf_token': <SimpleLazyObject: 'zMciqZJjLG23Val5J90sKq53JYVaboKt2RwcyOZ3WFZSnEiPZr4MHV5ZhMwvYdpY'>, 'request': <WSGIRequest: POST '/cotizacion/957/'>, 'user': <SimpleLazyObject: <User: otejeira>>, 'perms': PermWrapper(<SimpleLazyObject: <User: otejeira>>), 'messages': <FallbackStorage: request=<WSGIRequest: POST '/cotizacion/957/'>>, 'DEFAULT_MESSAGE_LEVELS': {'DEBUG': 10, 'INFO': 20, 'SUCCESS': 25, 'WARNING': 30, 'ERROR': 40}}, {}, {'form': <FideicomisoForm bound=False, valid=Unknown, fields=(oficial;sucursal;tipoPrestamo;nombreCliente;cedulaCliente;tipoDocumento;fechaNacimiento;edad;sexo;jubilado;apcScore;apcPI;aplicaPromocion;patrono;patronoCodigo;vendedor;vendedorComision;vendedorComisionPorcentaje;vendedorOtroPorcentaje;vendedorOtroComision;vendedorTipo;cancDescripcion1;cancMonto1;cancMensualidad1;cancDescripcion2;cancMonto2;cancMensualidad2;cancDescripcion3;cancMonto3;cancMensualidad3;cancDescripcion4;cancMonto4;cancMensualidad4;cancDescripcion5;cancMonto5;cancMensualidad5;cancRefiSaldo;formaPago;periodoPago;aseguradora;pagaDiciembre;selectDescuento;porServDesc;fechaInicioPago;fechaVencimiento;montoPrestamo;comiCierre;plazoPago;plazoInteres;montoServDesc;tasaInteres;r_deseada;financiaSeguro;mesesFinanciaSeguro;montoanualSeguro;montoMensualSeguro;cantPagosSeguro;valorAuto;cashback;abono;abonoPorcentaje;marca;modelo;yearCarro;transmisionAuto;kilometrajeAuto;nuevoAuto;yearsFinanciamiento;observaciones;tiempoServicio;ingresos;nombreEmpresa;referenciasAPC;cartera;licencia;posicion;perfilUniversitario;horasExtrasMonto;horasExtrasDcto;primaMonto;primaDcto;bonosMonto;bonosDcto;otrosMonto;otrosDcto;siacapMonto;siacapDcto;praaMonto;praaDcto;dirOtros1;dirOtrosMonto1;dirOtrosDcto1;dirOtros2;dirOtrosMonto2;dirOtrosDcto2;dirOtros3;dirOtrosMonto3;dirOtrosDcto3;dirOtros4;dirOtrosMonto4;dirOtrosDcto4;pagoVoluntario1;pagoVoluntarioMonto1;pagoVoluntarioDcto1;pagoVoluntario2;pagoVoluntarioMonto2;pagoVoluntarioDcto2;pagoVoluntario3;pagoVoluntarioMonto3;pagoVoluntarioDcto3;pagoVoluntario4;pagoVoluntarioMonto4;pagoVoluntarioDcto4;pagoVoluntario5;pagoVoluntarioMonto5;pagoVoluntarioDcto5;pagoVoluntario6;pagoVoluntarioMonto6;pagoVoluntarioDcto6;tasaEstimada;tasaBruta;r1;auxMonto2;wrkMontoLetra;wrkLetraSeguro;wrkLetraSinSeguros;calcComiCierreFinal;calcMontoNotaria;calcMontoTimbres;tablaTotalPagos;tablaTotalSeguro;tablaTotalFeci;tablaTotalInteres;tablaTotalMontoCapital;manejo_5porc;montoManejoT;monto_manejo_b;salarioBaseMensual;totalDescuentosLegales;totalDescuentoDirecto;totalPagoVoluntario;salarioNetoActual;salarioNeto;porSalarioNeto;totalIngresosAdicionales;totalIngresosMensualesCompleto;totalDescuentosLegalesCompleto;salarioNetoActualCompleto;salarioNetoCompleto;porSalarioNetoCompleto;mes0;mes1;mes2;mes3;mes4;mes5;mes6;mes7;mes8;mes9;mes10;mes11;primerMes;tipoProrrateo;aplicaCodeudor;codeudorNombre;codeudorCedula;codeudorEstabilidad;codeudorIngresos;codeudorCartera;codeudorPosicion;codeudorLicencia;codeudorEmpresa;codeudorReferenciasAPC;codeudorNombreEmpres1;codeudorPeriodo1;codeudorSalario1;codeudorNombreEmpres2;codeudorPeriodo2;codeudorSalario2;codeudorNombreEmpres3;codeudorPeriodo3;codeudorSalario3;cohorasExtrasMonto;cohorasExtrasDcto;coprimaMonto;coprimaDcto;cobonosMonto;cobonosDcto;cootrosMonto;cootrosDcto;cosiacapMonto;cosiacapDcto;copraaMonto;copraaDcto;codirOtros1;codirOtrosMonto1;codirOtrosDcto1;codirOtros2;codirOtrosMonto2;codirOtrosDcto2;codirOtros3;codirOtrosMonto3;codirOtrosDcto3;codirOtros4;codirOtrosMonto4;codirOtrosDcto4;copagoVoluntario1;copagoVoluntarioMonto1;copagoVoluntarioDcto1;copagoVoluntario2;copagoVoluntarioMonto2;copagoVoluntarioDcto2;copagoVoluntario3;copagoVoluntarioMonto3;copagoVoluntarioDcto3;copagoVoluntario4;copagoVoluntarioMonto4;copagoVoluntarioDcto4;copagoVoluntario5;copagoVoluntarioMonto5;copagoVoluntarioDcto5;copagoVoluntario6;copagoVoluntarioMonto6;copagoVoluntarioDcto6;cosalarioBaseMensual;cototalDescuentosLegales;cototalDescuentoDirecto;cototalPagoVoluntario;cosalarioNetoActual;cosalarioNeto;coporSalarioNeto;cototalIngresosAdicionales;cototalIngresosMensualesCompleto;cototalDescuentosLegalesCompleto;cosalarioNetoActualCompleto;cosalarioNetoCompleto;coporSalarioNetoCompleto;movPrimerMes;movOpcion;ingresosMes1;egresosMes1;ingresosMes2;egresosMes2;ingresosMes3;egresosMes3;ingresosMes4;egresosMes4;ingresosMes5;egresosMes5;ingresosMes6;egresosMes6;averageIngresos;tapeLetraPrestamo;tapeSalarioNetoMensual;tapeSalarioBrutoMensual;hipotecaDescuentoDir;tieneEmbargo;cancelarEmbargo;letraDepende;letraFaje;deducciones1;deducciones2;deducciones3;deducciones4;deducciones5;deducciones6;cancelaciones1;cancelaciones2;cancelaciones3;cancelaciones4;cancelaciones5;cancelaciones6;letraHipoteca1;letraHipoteca2;NumeroCotizacion;added_by;aseguradoraAuto;corredorSeguro;tipoSeguro;frecuenciaPagoSeguro;marcaAuto;yearAuto)>, 'cotizacion': <Cotizacion: None - RECONOCIMIENTO A LA AGENCIA PATRONO 648 - 89202049 - auto - 957>, 'resultado': {'auxMonto2': Decimal('23331.10'), 'numero_cotizacion': 957, 'r1': Decimal('12.84'), 'tasaEstimada': Decimal('9.54'), 'calcComiCierreFinal': Decimal('14.27'), 'auxPlazoPago': 120, 'wrkLetraSinSeguros': Decimal('316.73'), 'wrkLetraSeguro': Decimal('18.37'), 'wrkMontoLetra': Decimal('335.10'), 'montoMensualSeguro': Decimal('38.74'), 'wrkLetraConSeguros': Decimal('373.84'), 'tablaTotalPagos': Decimal('40212.00'), 'nombreCliente': 'RECONOCIMIENTO A LA AGENCIA PATRONO 648', 'valorAuto': Decimal('20000.00'), 'abono': Decimal('0.00'), 'auxPeriocidad': 1, 'salarioBaseMensual': Decimal('0.00'), 'totalDescuentosLegales': Decimal('0.00'), 'totalDescuentoDirecto': Decimal('0.00'), 'totalPagoVoluntario': Decimal('0.00'), 'salarioNetoActual': Decimal('0.00'), 'salarioNeto': Decimal('-373.84'), 'porSalarioNeto': Decimal('0.00'), 'totalIngresosAdicionales': Decimal('0.00'), 'totalIngresosMensualesCompleto': Decimal('0.00'), 'totalDescuentosLegalesCompleto': Decimal('0.00'), 'salarioNetoActualCompleto': Decimal('0.00'), 'salarioNetoCompleto': Decimal('-373.84'), 'porSalarioNetoCompleto': Decimal('0.00'), 'cosalarioBaseMensual': None, 'cototalDescuentosLegales': None, 'cototalDescuentoDirecto': None, 'cototalPagoVoluntario': None, 'cosalarioNetoActual': None, 'cosalarioNeto': None, 'coporSalarioNeto': None, 'cototalIngresosAdicionales': Decimal('0.00'), 'cototalIngresosMensualesCompleto': None, 'cototalDescuentosLegalesCompleto': None, 'cosalarioNetoActualCompleto': None, 'cosalarioNetoCompleto': None, 'coporSalarioNetoCompleto': None, 'porcentajeLetraSeguro': 0, 'coporcentajeLetraSeguro': 0, 'porcentajeLetraSeguroCompleto': 0, 'coporcentajeLetraSeguroCompleto': 0, 'familiarSalarioBaseMensual': 0, 'familiarSalarioNeto': Decimal('-373.84'), 'wrkMontoLetraMensual': Decimal('335.10'), 'familiarporNetoActual': 0, 'familiarpoSalarioNeto': 0, 'familiarNetoActualCompleto': 0, 'familiarporNetoActualCompleto': 0, 'familiarSalarioNetoCompleto': Decimal('-373.84'), 'familiarporSalarioNeto': 0}, 'consulta': {'consulta': True}, 'documentos': <QuerySet []>}, {'block': <Block Node: content. Contents: [<TextNode: '\n   \n<div class="flex-1 f'>, <django.template.defaulttags.CsrfTokenNode object at 0x000002D0EFFDBC50>, <TextNode: '\n    <header class="bg-wh'>, <Variable Node: user.username>, <TextNode: '\n            </button>\n  '>, <IncludeNode: template=<FilterExpression "'partials/cotBarraAccion.html'">>, <TextNode: '\n    <main class="flex-1 '>, <IncludeNode: template=<FilterExpression "'partials/resultadoFideicomiso.html'">>, <TextNode: '\n\n        \n\n        <!-- '>, <IncludeNode: template=<FilterExpression "'partials/cotDatosCliente.html'">>, <TextNode: '\n\n        <!-- Datos del '>, <IncludeNode: template=<FilterExpression "'partials/cotDatosVehiculo.html'">>, <TextNode: '\n        </div>\n\n        '>, <IncludeNode: template=<FilterExpression "'partials/cotParametrosCotizacion.html'">>, <TextNode: '\n\n         <!-- Parametro'>, <IncludeNode: template=<FilterExpression "'partials/cotParametrosCalculoAuto.html'">>, <TextNode: '\n\n        '>, <IfNode>, <TextNode: '\n\n        <!-- Motivo de '>, <IncludeNode: template=<FilterExpression "'partials/modals/motivoConsulta.html'">>, <TextNode: '\n\n         <!-- Detalles '>, <IncludeNode: template=<FilterExpression "'partials/modals/deudor.html'">>, <TextNode: '\n\n         <!-- Nivel de '>, <IncludeNode: template=<FilterExpression "'partials/modals/codeudor.html'">>, <TextNode: '\n\n         <!-- Prorrateo'>, <IncludeNode: template=<FilterExpression "'partials/modals/prorrateo.html'">>, <TextNode: '\n\n           <!-- Movimie'>, <IncludeNode: template=<FilterExpression "'partials/modals/movimientosBancarios.html'">>, <TextNode: '\n\n          \n         \n  '>, <IncludeNode: template=<FilterExpression "'partials/sura.html'">>, <TextNode: '\n    <script>\n\n        //'>, StaticNode(varname=None, path=<FilterExpression "'autos.json'">), <TextNode: '") in order to load the l'>, StaticNode(varname=None, path=<FilterExpression "'autos.json'">), <TextNode: '")\n                .then('>, <IfNode>, <TextNode: '\n\n            \n\n         '>, StaticNode(varname=None, path=<FilterExpression "'patronos.json'">), <TextNode: '")\n                .then('>, StaticNode(varname=None, path=<FilterExpression "'vendedores.json'">), <TextNode: '")\n                .then('>]>}, {}]
DEBUG:django.db.backends:(0.000) SELECT "pacifico_aseguradora"."id", "pacifico_aseguradora"."descripcion", "pacifico_aseguradora"."codigo" FROM "pacifico_aseguradora"; args=(); alias=default
DEBUG:django.db.backends:(0.000) SELECT "pacifico_cotizaciondocumento"."id", "pacifico_cotizaciondocumento"."cotizacion_id", "pacifico_cotizaciondocumento"."documento", "pacifico_cotizaciondocumento"."tipo_documento", "pacifico_cotizaciondocumento"."fecha", "pacifico_cotizaciondocumento"."observaciones", "pacifico_cotizaciondocumento"."size" FROM "pacifico_cotizaciondocumento" WHERE "pacifico_cotizaciondocumento"."cotizacion_id" = 957 LIMIT 21; args=(957,); alias=default
DEBUG:django.template:Exception while resolving variable 'iteration_data' in template 'fideicomiso_form.html'.
Traceback (most recent call last):
  File "C:\Users\jacastillo\Documents\GitHub\PACIFICO\venv\Lib\site-packages\django\template\base.py", line 883, in _resolve_lookup
    current = current[bit]
              ~~~~~~~^^^^^
  File "C:\Users\jacastillo\Documents\GitHub\PACIFICO\venv\Lib\site-packages\django\template\context.py", line 85, in __getitem__
    raise KeyError(key)
KeyError: 'iteration_data'

During handling of the above exception, another exception occurred:

Traceback (most recent call last):
  File "C:\Users\jacastillo\Documents\GitHub\PACIFICO\venv\Lib\site-packages\django\template\base.py", line 889, in _resolve_lookup
    if isinstance(current, BaseContext) and getattr(
                                            ^^^^^^^^
AttributeError: type object 'RequestContext' has no attribute 'iteration_data'

During handling of the above exception, another exception occurred:

Traceback (most recent call last):
  File "C:\Users\jacastillo\Documents\GitHub\PACIFICO\venv\Lib\site-packages\django\template\base.py", line 899, in _resolve_lookup
    current = current[int(bit)]
                      ^^^^^^^^
ValueError: invalid literal for int() with base 10: 'iteration_data'

During handling of the above exception, another exception occurred:

Traceback (most recent call last):
  File "C:\Users\jacastillo\Documents\GitHub\PACIFICO\venv\Lib\site-packages\django\template\base.py", line 906, in _resolve_lookup
    raise VariableDoesNotExist(
django.template.base.VariableDoesNotExist: Failed lookup for key [iteration_data] in [{'True': True, 'False': False, 'None': None}, {'csrf_token': <SimpleLazyObject: 'zMciqZJjLG23Val5J90sKq53JYVaboKt2RwcyOZ3WFZSnEiPZr4MHV5ZhMwvYdpY'>, 'request': <WSGIRequest: POST '/cotizacion/957/'>, 'user': <SimpleLazyObject: <User: otejeira>>, 'perms': PermWrapper(<SimpleLazyObject: <User: otejeira>>), 'messages': <FallbackStorage: request=<WSGIRequest: POST '/cotizacion/957/'>>, 'DEFAULT_MESSAGE_LEVELS': {'DEBUG': 10, 'INFO': 20, 'SUCCESS': 25, 'WARNING': 30, 'ERROR': 40}}, {}, {'form': <FideicomisoForm bound=False, valid=False, fields=(oficial;sucursal;tipoPrestamo;nombreCliente;cedulaCliente;tipoDocumento;fechaNacimiento;edad;sexo;jubilado;apcScore;apcPI;aplicaPromocion;patrono;patronoCodigo;vendedor;vendedorComision;vendedorComisionPorcentaje;vendedorOtroPorcentaje;vendedorOtroComision;vendedorTipo;cancDescripcion1;cancMonto1;cancMensualidad1;cancDescripcion2;cancMonto2;cancMensualidad2;cancDescripcion3;cancMonto3;cancMensualidad3;cancDescripcion4;cancMonto4;cancMensualidad4;cancDescripcion5;cancMonto5;cancMensualidad5;cancRefiSaldo;formaPago;periodoPago;aseguradora;pagaDiciembre;selectDescuento;porServDesc;fechaInicioPago;fechaVencimiento;montoPrestamo;comiCierre;plazoPago;plazoInteres;montoServDesc;tasaInteres;r_deseada;financiaSeguro;mesesFinanciaSeguro;montoanualSeguro;montoMensualSeguro;cantPagosSeguro;valorAuto;cashback;abono;abonoPorcentaje;marca;modelo;yearCarro;transmisionAuto;kilometrajeAuto;nuevoAuto;yearsFinanciamiento;observaciones;tiempoServicio;ingresos;nombreEmpresa;referenciasAPC;cartera;licencia;posicion;perfilUniversitario;horasExtrasMonto;horasExtrasDcto;primaMonto;primaDcto;bonosMonto;bonosDcto;otrosMonto;otrosDcto;siacapMonto;siacapDcto;praaMonto;praaDcto;dirOtros1;dirOtrosMonto1;dirOtrosDcto1;dirOtros2;dirOtrosMonto2;dirOtrosDcto2;dirOtros3;dirOtrosMonto3;dirOtrosDcto3;dirOtros4;dirOtrosMonto4;dirOtrosDcto4;pagoVoluntario1;pagoVoluntarioMonto1;pagoVoluntarioDcto1;pagoVoluntario2;pagoVoluntarioMonto2;pagoVoluntarioDcto2;pagoVoluntario3;pagoVoluntarioMonto3;pagoVoluntarioDcto3;pagoVoluntario4;pagoVoluntarioMonto4;pagoVoluntarioDcto4;pagoVoluntario5;pagoVoluntarioMonto5;pagoVoluntarioDcto5;pagoVoluntario6;pagoVoluntarioMonto6;pagoVoluntarioDcto6;tasaEstimada;tasaBruta;r1;auxMonto2;wrkMontoLetra;wrkLetraSeguro;wrkLetraSinSeguros;calcComiCierreFinal;calcMontoNotaria;calcMontoTimbres;tablaTotalPagos;tablaTotalSeguro;tablaTotalFeci;tablaTotalInteres;tablaTotalMontoCapital;manejo_5porc;montoManejoT;monto_manejo_b;salarioBaseMensual;totalDescuentosLegales;totalDescuentoDirecto;totalPagoVoluntario;salarioNetoActual;salarioNeto;porSalarioNeto;totalIngresosAdicionales;totalIngresosMensualesCompleto;totalDescuentosLegalesCompleto;salarioNetoActualCompleto;salarioNetoCompleto;porSalarioNetoCompleto;mes0;mes1;mes2;mes3;mes4;mes5;mes6;mes7;mes8;mes9;mes10;mes11;primerMes;tipoProrrateo;aplicaCodeudor;codeudorNombre;codeudorCedula;codeudorEstabilidad;codeudorIngresos;codeudorCartera;codeudorPosicion;codeudorLicencia;codeudorEmpresa;codeudorReferenciasAPC;codeudorNombreEmpres1;codeudorPeriodo1;codeudorSalario1;codeudorNombreEmpres2;codeudorPeriodo2;codeudorSalario2;codeudorNombreEmpres3;codeudorPeriodo3;codeudorSalario3;cohorasExtrasMonto;cohorasExtrasDcto;coprimaMonto;coprimaDcto;cobonosMonto;cobonosDcto;cootrosMonto;cootrosDcto;cosiacapMonto;cosiacapDcto;copraaMonto;copraaDcto;codirOtros1;codirOtrosMonto1;codirOtrosDcto1;codirOtros2;codirOtrosMonto2;codirOtrosDcto2;codirOtros3;codirOtrosMonto3;codirOtrosDcto3;codirOtros4;codirOtrosMonto4;codirOtrosDcto4;copagoVoluntario1;copagoVoluntarioMonto1;copagoVoluntarioDcto1;copagoVoluntario2;copagoVoluntarioMonto2;copagoVoluntarioDcto2;copagoVoluntario3;copagoVoluntarioMonto3;copagoVoluntarioDcto3;copagoVoluntario4;copagoVoluntarioMonto4;copagoVoluntarioDcto4;copagoVoluntario5;copagoVoluntarioMonto5;copagoVoluntarioDcto5;copagoVoluntario6;copagoVoluntarioMonto6;copagoVoluntarioDcto6;cosalarioBaseMensual;cototalDescuentosLegales;cototalDescuentoDirecto;cototalPagoVoluntario;cosalarioNetoActual;cosalarioNeto;coporSalarioNeto;cototalIngresosAdicionales;cototalIngresosMensualesCompleto;cototalDescuentosLegalesCompleto;cosalarioNetoActualCompleto;cosalarioNetoCompleto;coporSalarioNetoCompleto;movPrimerMes;movOpcion;ingresosMes1;egresosMes1;ingresosMes2;egresosMes2;ingresosMes3;egresosMes3;ingresosMes4;egresosMes4;ingresosMes5;egresosMes5;ingresosMes6;egresosMes6;averageIngresos;tapeLetraPrestamo;tapeSalarioNetoMensual;tapeSalarioBrutoMensual;hipotecaDescuentoDir;tieneEmbargo;cancelarEmbargo;letraDepende;letraFaje;deducciones1;deducciones2;deducciones3;deducciones4;deducciones5;deducciones6;cancelaciones1;cancelaciones2;cancelaciones3;cancelaciones4;cancelaciones5;cancelaciones6;letraHipoteca1;letraHipoteca2;NumeroCotizacion;added_by;aseguradoraAuto;corredorSeguro;tipoSeguro;frecuenciaPagoSeguro;marcaAuto;yearAuto)>, 'cotizacion': <Cotizacion: None - RECONOCIMIENTO A LA AGENCIA PATRONO 648 - 89202049 - auto - 957>, 'resultado': {'auxMonto2': Decimal('23331.10'), 'numero_cotizacion': 957, 'r1': Decimal('12.84'), 'tasaEstimada': Decimal('9.54'), 'calcComiCierreFinal': Decimal('14.27'), 'auxPlazoPago': 120, 'wrkLetraSinSeguros': Decimal('316.73'), 'wrkLetraSeguro': Decimal('18.37'), 'wrkMontoLetra': Decimal('335.10'), 'montoMensualSeguro': Decimal('38.74'), 'wrkLetraConSeguros': Decimal('373.84'), 'tablaTotalPagos': Decimal('40212.00'), 'nombreCliente': 'RECONOCIMIENTO A LA AGENCIA PATRONO 648', 'valorAuto': Decimal('20000.00'), 'abono': Decimal('0.00'), 'auxPeriocidad': 1, 'salarioBaseMensual': Decimal('0.00'), 'totalDescuentosLegales': Decimal('0.00'), 'totalDescuentoDirecto': Decimal('0.00'), 'totalPagoVoluntario': Decimal('0.00'), 'salarioNetoActual': Decimal('0.00'), 'salarioNeto': Decimal('-373.84'), 'porSalarioNeto': Decimal('0.00'), 'totalIngresosAdicionales': Decimal('0.00'), 'totalIngresosMensualesCompleto': Decimal('0.00'), 'totalDescuentosLegalesCompleto': Decimal('0.00'), 'salarioNetoActualCompleto': Decimal('0.00'), 'salarioNetoCompleto': Decimal('-373.84'), 'porSalarioNetoCompleto': Decimal('0.00'), 'cosalarioBaseMensual': None, 'cototalDescuentosLegales': None, 'cototalDescuentoDirecto': None, 'cototalPagoVoluntario': None, 'cosalarioNetoActual': None, 'cosalarioNeto': None, 'coporSalarioNeto': None, 'cototalIngresosAdicionales': Decimal('0.00'), 'cototalIngresosMensualesCompleto': None, 'cototalDescuentosLegalesCompleto': None, 'cosalarioNetoActualCompleto': None, 'cosalarioNetoCompleto': None, 'coporSalarioNetoCompleto': None, 'porcentajeLetraSeguro': 0, 'coporcentajeLetraSeguro': 0, 'porcentajeLetraSeguroCompleto': 0, 'coporcentajeLetraSeguroCompleto': 0, 'familiarSalarioBaseMensual': 0, 'familiarSalarioNeto': Decimal('-373.84'), 'wrkMontoLetraMensual': Decimal('335.10'), 'familiarporNetoActual': 0, 'familiarpoSalarioNeto': 0, 'familiarNetoActualCompleto': 0, 'familiarporNetoActualCompleto': 0, 'familiarSalarioNetoCompleto': Decimal('-373.84'), 'familiarporSalarioNeto': 0}, 'consulta': {'consulta': True}, 'documentos': <QuerySet []>}, {'block': <Block Node: content. Contents: [<TextNode: '\n   \n<div class="flex-1 f'>, <django.template.defaulttags.CsrfTokenNode object at 0x000002D0EFFDBC50>, <TextNode: '\n    <header class="bg-wh'>, <Variable Node: user.username>, <TextNode: '\n            </button>\n  '>, <IncludeNode: template=<FilterExpression "'partials/cotBarraAccion.html'">>, <TextNode: '\n    <main class="flex-1 '>, <IncludeNode: template=<FilterExpression "'partials/resultadoFideicomiso.html'">>, <TextNode: '\n\n        \n\n        <!-- '>, <IncludeNode: template=<FilterExpression "'partials/cotDatosCliente.html'">>, <TextNode: '\n\n        <!-- Datos del '>, <IncludeNode: template=<FilterExpression "'partials/cotDatosVehiculo.html'">>, <TextNode: '\n        </div>\n\n        '>, <IncludeNode: template=<FilterExpression "'partials/cotParametrosCotizacion.html'">>, <TextNode: '\n\n         <!-- Parametro'>, <IncludeNode: template=<FilterExpression "'partials/cotParametrosCalculoAuto.html'">>, <TextNode: '\n\n        '>, <IfNode>, <TextNode: '\n\n        <!-- Motivo de '>, <IncludeNode: template=<FilterExpression "'partials/modals/motivoConsulta.html'">>, <TextNode: '\n\n         <!-- Detalles '>, <IncludeNode: template=<FilterExpression "'partials/modals/deudor.html'">>, <TextNode: '\n\n         <!-- Nivel de '>, <IncludeNode: template=<FilterExpression "'partials/modals/codeudor.html'">>, <TextNode: '\n\n         <!-- Prorrateo'>, <IncludeNode: template=<FilterExpression "'partials/modals/prorrateo.html'">>, <TextNode: '\n\n           <!-- Movimie'>, <IncludeNode: template=<FilterExpression "'partials/modals/movimientosBancarios.html'">>, <TextNode: '\n\n          \n         \n  '>, <IncludeNode: template=<FilterExpression "'partials/sura.html'">>, <TextNode: '\n    <script>\n\n        //'>, StaticNode(varname=None, path=<FilterExpression "'autos.json'">), <TextNode: '") in order to load the l'>, StaticNode(varname=None, path=<FilterExpression "'autos.json'">), <TextNode: '")\n                .then('>, <IfNode>, <TextNode: '\n\n            \n\n         '>, StaticNode(varname=None, path=<FilterExpression "'patronos.json'">), <TextNode: '")\n                .then('>, StaticNode(varname=None, path=<FilterExpression "'vendedores.json'">), <TextNode: '")\n                .then('>]>}]
DEBUG:django.template:Exception while resolving variable 'lineaAuto' in template 'fideicomiso_form.html'.
Traceback (most recent call last):
  File "C:\Users\jacastillo\Documents\GitHub\PACIFICO\venv\Lib\site-packages\django\forms\forms.py", line 174, in __getitem__
    field = self.fields[name]
            ~~~~~~~~~~~^^^^^^
KeyError: 'lineaAuto'

During handling of the above exception, another exception occurred:

Traceback (most recent call last):
  File "C:\Users\jacastillo\Documents\GitHub\PACIFICO\venv\Lib\site-packages\django\template\base.py", line 883, in _resolve_lookup
    current = current[bit]
              ~~~~~~~^^^^^
  File "C:\Users\jacastillo\Documents\GitHub\PACIFICO\venv\Lib\site-packages\django\forms\forms.py", line 176, in __getitem__
    raise KeyError(
KeyError: "Key 'lineaAuto' not found in 'FideicomisoForm'. Choices are: NumeroCotizacion, abono, abonoPorcentaje, added_by, apcPI, apcScore, aplicaCodeudor, aplicaPromocion, aseguradora, aseguradoraAuto, auxMonto2, averageIngresos, bonosDcto, bonosMonto, calcComiCierreFinal, calcMontoNotaria, calcMontoTimbres, cancDescripcion1, cancDescripcion2, cancDescripcion3, cancDescripcion4, cancDescripcion5, cancMensualidad1, cancMensualidad2, cancMensualidad3, cancMensualidad4, cancMensualidad5, cancMonto1, cancMonto2, cancMonto3, cancMonto4, cancMonto5, cancRefiSaldo, cancelaciones1, cancelaciones2, cancelaciones3, cancelaciones4, cancelaciones5, cancelaciones6, cancelarEmbargo, cantPagosSeguro, cartera, cashback, cedulaCliente, cobonosDcto, cobonosMonto, codeudorCartera, codeudorCedula, codeudorEmpresa, codeudorEstabilidad, codeudorIngresos, codeudorLicencia, codeudorNombre, codeudorNombreEmpres1, codeudorNombreEmpres2, codeudorNombreEmpres3, codeudorPeriodo1, codeudorPeriodo2, codeudorPeriodo3, codeudorPosicion, codeudorReferenciasAPC, codeudorSalario1, codeudorSalario2, codeudorSalario3, codirOtros1, codirOtros2, codirOtros3, codirOtros4, codirOtrosDcto1, codirOtrosDcto2, codirOtrosDcto3, codirOtrosDcto4, codirOtrosMonto1, codirOtrosMonto2, codirOtrosMonto3, codirOtrosMonto4, cohorasExtrasDcto, cohorasExtrasMonto, comiCierre, cootrosDcto, cootrosMonto, copagoVoluntario1, copagoVoluntario2, copagoVoluntario3, copagoVoluntario4, copagoVoluntario5, copagoVoluntario6, copagoVoluntarioDcto1, copagoVoluntarioDcto2, copagoVoluntarioDcto3, copagoVoluntarioDcto4, copagoVoluntarioDcto5, copagoVoluntarioDcto6, copagoVoluntarioMonto1, copagoVoluntarioMonto2, copagoVoluntarioMonto3, copagoVoluntarioMonto4, copagoVoluntarioMonto5, copagoVoluntarioMonto6, coporSalarioNeto, coporSalarioNetoCompleto, copraaDcto, copraaMonto, coprimaDcto, coprimaMonto, corredorSeguro, cosalarioBaseMensual, cosalarioNeto, cosalarioNetoActual, cosalarioNetoActualCompleto, cosalarioNetoCompleto, cosiacapDcto, cosiacapMonto, cototalDescuentoDirecto, cototalDescuentosLegales, cototalDescuentosLegalesCompleto, cototalIngresosAdicionales, cototalIngresosMensualesCompleto, cototalPagoVoluntario, deducciones1, deducciones2, deducciones3, deducciones4, deducciones5, deducciones6, dirOtros1, dirOtros2, dirOtros3, dirOtros4, dirOtrosDcto1, dirOtrosDcto2, dirOtrosDcto3, dirOtrosDcto4, dirOtrosMonto1, dirOtrosMonto2, dirOtrosMonto3, dirOtrosMonto4, edad, egresosMes1, egresosMes2, egresosMes3, egresosMes4, egresosMes5, egresosMes6, fechaInicioPago, fechaNacimiento, fechaVencimiento, financiaSeguro, formaPago, frecuenciaPagoSeguro, hipotecaDescuentoDir, horasExtrasDcto, horasExtrasMonto, ingresos, ingresosMes1, ingresosMes2, ingresosMes3, ingresosMes4, ingresosMes5, ingresosMes6, jubilado, kilometrajeAuto, letraDepende, letraFaje, letraHipoteca1, letraHipoteca2, licencia, manejo_5porc, marca, marcaAuto, mes0, mes1, mes10, mes11, mes2, mes3, mes4, mes5, mes6, mes7, mes8, mes9, mesesFinanciaSeguro, modelo, montoManejoT, montoMensualSeguro, montoPrestamo, montoServDesc, monto_manejo_b, montoanualSeguro, movOpcion, movPrimerMes, nombreCliente, nombreEmpresa, nuevoAuto, observaciones, oficial, otrosDcto, otrosMonto, pagaDiciembre, pagoVoluntario1, pagoVoluntario2, pagoVoluntario3, pagoVoluntario4, pagoVoluntario5, pagoVoluntario6, pagoVoluntarioDcto1, pagoVoluntarioDcto2, pagoVoluntarioDcto3, pagoVoluntarioDcto4, pagoVoluntarioDcto5, pagoVoluntarioDcto6, pagoVoluntarioMonto1, pagoVoluntarioMonto2, pagoVoluntarioMonto3, pagoVoluntarioMonto4, pagoVoluntarioMonto5, pagoVoluntarioMonto6, patrono, patronoCodigo, perfilUniversitario, periodoPago, plazoInteres, plazoPago, porSalarioNeto, porSalarioNetoCompleto, porServDesc, posicion, praaDcto, praaMonto, primaDcto, primaMonto, primerMes, r1, r_deseada, referenciasAPC, salarioBaseMensual, salarioNeto, salarioNetoActual, salarioNetoActualCompleto, salarioNetoCompleto, selectDescuento, sexo, siacapDcto, siacapMonto, sucursal, tablaTotalFeci, tablaTotalInteres, tablaTotalMontoCapital, tablaTotalPagos, tablaTotalSeguro, tapeLetraPrestamo, tapeSalarioBrutoMensual, tapeSalarioNetoMensual, tasaBruta, tasaEstimada, tasaInteres, tiempoServicio, tieneEmbargo, tipoDocumento, tipoPrestamo, tipoProrrateo, tipoSeguro, totalDescuentoDirecto, totalDescuentosLegales, totalDescuentosLegalesCompleto, totalIngresosAdicionales, totalIngresosMensualesCompleto, totalPagoVoluntario, transmisionAuto, valorAuto, vendedor, vendedorComision, vendedorComisionPorcentaje, vendedorOtroComision, vendedorOtroPorcentaje, vendedorTipo, wrkLetraSeguro, wrkLetraSinSeguros, wrkMontoLetra, yearAuto, yearCarro, yearsFinanciamiento."

During handling of the above exception, another exception occurred:

Traceback (most recent call last):
  File "C:\Users\jacastillo\Documents\GitHub\PACIFICO\venv\Lib\site-packages\django\template\base.py", line 893, in _resolve_lookup
    current = getattr(current, bit)
              ^^^^^^^^^^^^^^^^^^^^^
AttributeError: 'FideicomisoForm' object has no attribute 'lineaAuto'

During handling of the above exception, another exception occurred:

Traceback (most recent call last):
  File "C:\Users\jacastillo\Documents\GitHub\PACIFICO\venv\Lib\site-packages\django\template\base.py", line 899, in _resolve_lookup
    current = current[int(bit)]
                      ^^^^^^^^
ValueError: invalid literal for int() with base 10: 'lineaAuto'

During handling of the above exception, another exception occurred:

Traceback (most recent call last):
  File "C:\Users\jacastillo\Documents\GitHub\PACIFICO\venv\Lib\site-packages\django\template\base.py", line 906, in _resolve_lookup
    raise VariableDoesNotExist(
django.template.base.VariableDoesNotExist: Failed lookup for key [lineaAuto] in <FideicomisoForm bound=False, valid=False, fields=(oficial;sucursal;tipoPrestamo;nombreCliente;cedulaCliente;tipoDocumento;fechaNacimiento;edad;sexo;jubilado;apcScore;apcPI;aplicaPromocion;patrono;patronoCodigo;vendedor;vendedorComision;vendedorComisionPorcentaje;vendedorOtroPorcentaje;vendedorOtroComision;vendedorTipo;cancDescripcion1;cancMonto1;cancMensualidad1;cancDescripcion2;cancMonto2;cancMensualidad2;cancDescripcion3;cancMonto3;cancMensualidad3;cancDescripcion4;cancMonto4;cancMensualidad4;cancDescripcion5;cancMonto5;cancMensualidad5;cancRefiSaldo;formaPago;periodoPago;aseguradora;pagaDiciembre;selectDescuento;porServDesc;fechaInicioPago;fechaVencimiento;montoPrestamo;comiCierre;plazoPago;plazoInteres;montoServDesc;tasaInteres;r_deseada;financiaSeguro;mesesFinanciaSeguro;montoanualSeguro;montoMensualSeguro;cantPagosSeguro;valorAuto;cashback;abono;abonoPorcentaje;marca;modelo;yearCarro;transmisionAuto;kilometrajeAuto;nuevoAuto;yearsFinanciamiento;observaciones;tiempoServicio;ingresos;nombreEmpresa;referenciasAPC;cartera;licencia;posicion;perfilUniversitario;horasExtrasMonto;horasExtrasDcto;primaMonto;primaDcto;bonosMonto;bonosDcto;otrosMonto;otrosDcto;siacapMonto;siacapDcto;praaMonto;praaDcto;dirOtros1;dirOtrosMonto1;dirOtrosDcto1;dirOtros2;dirOtrosMonto2;dirOtrosDcto2;dirOtros3;dirOtrosMonto3;dirOtrosDcto3;dirOtros4;dirOtrosMonto4;dirOtrosDcto4;pagoVoluntario1;pagoVoluntarioMonto1;pagoVoluntarioDcto1;pagoVoluntario2;pagoVoluntarioMonto2;pagoVoluntarioDcto2;pagoVoluntario3;pagoVoluntarioMonto3;pagoVoluntarioDcto3;pagoVoluntario4;pagoVoluntarioMonto4;pagoVoluntarioDcto4;pagoVoluntario5;pagoVoluntarioMonto5;pagoVoluntarioDcto5;pagoVoluntario6;pagoVoluntarioMonto6;pagoVoluntarioDcto6;tasaEstimada;tasaBruta;r1;auxMonto2;wrkMontoLetra;wrkLetraSeguro;wrkLetraSinSeguros;calcComiCierreFinal;calcMontoNotaria;calcMontoTimbres;tablaTotalPagos;tablaTotalSeguro;tablaTotalFeci;tablaTotalInteres;tablaTotalMontoCapital;manejo_5porc;montoManejoT;monto_manejo_b;salarioBaseMensual;totalDescuentosLegales;totalDescuentoDirecto;totalPagoVoluntario;salarioNetoActual;salarioNeto;porSalarioNeto;totalIngresosAdicionales;totalIngresosMensualesCompleto;totalDescuentosLegalesCompleto;salarioNetoActualCompleto;salarioNetoCompleto;porSalarioNetoCompleto;mes0;mes1;mes2;mes3;mes4;mes5;mes6;mes7;mes8;mes9;mes10;mes11;primerMes;tipoProrrateo;aplicaCodeudor;codeudorNombre;codeudorCedula;codeudorEstabilidad;codeudorIngresos;codeudorCartera;codeudorPosicion;codeudorLicencia;codeudorEmpresa;codeudorReferenciasAPC;codeudorNombreEmpres1;codeudorPeriodo1;codeudorSalario1;codeudorNombreEmpres2;codeudorPeriodo2;codeudorSalario2;codeudorNombreEmpres3;codeudorPeriodo3;codeudorSalario3;cohorasExtrasMonto;cohorasExtrasDcto;coprimaMonto;coprimaDcto;cobonosMonto;cobonosDcto;cootrosMonto;cootrosDcto;cosiacapMonto;cosiacapDcto;copraaMonto;copraaDcto;codirOtros1;codirOtrosMonto1;codirOtrosDcto1;codirOtros2;codirOtrosMonto2;codirOtrosDcto2;codirOtros3;codirOtrosMonto3;codirOtrosDcto3;codirOtros4;codirOtrosMonto4;codirOtrosDcto4;copagoVoluntario1;copagoVoluntarioMonto1;copagoVoluntarioDcto1;copagoVoluntario2;copagoVoluntarioMonto2;copagoVoluntarioDcto2;copagoVoluntario3;copagoVoluntarioMonto3;copagoVoluntarioDcto3;copagoVoluntario4;copagoVoluntarioMonto4;copagoVoluntarioDcto4;copagoVoluntario5;copagoVoluntarioMonto5;copagoVoluntarioDcto5;copagoVoluntario6;copagoVoluntarioMonto6;copagoVoluntarioDcto6;cosalarioBaseMensual;cototalDescuentosLegales;cototalDescuentoDirecto;cototalPagoVoluntario;cosalarioNetoActual;cosalarioNeto;coporSalarioNeto;cototalIngresosAdicionales;cototalIngresosMensualesCompleto;cototalDescuentosLegalesCompleto;cosalarioNetoActualCompleto;cosalarioNetoCompleto;coporSalarioNetoCompleto;movPrimerMes;movOpcion;ingresosMes1;egresosMes1;ingresosMes2;egresosMes2;ingresosMes3;egresosMes3;ingresosMes4;egresosMes4;ingresosMes5;egresosMes5;ingresosMes6;egresosMes6;averageIngresos;tapeLetraPrestamo;tapeSalarioNetoMensual;tapeSalarioBrutoMensual;hipotecaDescuentoDir;tieneEmbargo;cancelarEmbargo;letraDepende;letraFaje;deducciones1;deducciones2;deducciones3;deducciones4;deducciones5;deducciones6;cancelaciones1;cancelaciones2;cancelaciones3;cancelaciones4;cancelaciones5;cancelaciones6;letraHipoteca1;letraHipoteca2;NumeroCotizacion;added_by;aseguradoraAuto;corredorSeguro;tipoSeguro;frecuenciaPagoSeguro;marcaAuto;yearAuto)>
DEBUG:django.template:Exception while resolving variable 'lineaAuto' in template 'fideicomiso_form.html'.
Traceback (most recent call last):
  File "C:\Users\jacastillo\Documents\GitHub\PACIFICO\venv\Lib\site-packages\django\template\base.py", line 883, in _resolve_lookup
    current = current[bit]
              ~~~~~~~^^^^^
KeyError: 'lineaAuto'

During handling of the above exception, another exception occurred:

Traceback (most recent call last):
  File "C:\Users\jacastillo\Documents\GitHub\PACIFICO\venv\Lib\site-packages\django\template\base.py", line 893, in _resolve_lookup
    current = getattr(current, bit)
              ^^^^^^^^^^^^^^^^^^^^^
AttributeError: 'dict' object has no attribute 'lineaAuto'

During handling of the above exception, another exception occurred:

Traceback (most recent call last):
  File "C:\Users\jacastillo\Documents\GitHub\PACIFICO\venv\Lib\site-packages\django\template\base.py", line 899, in _resolve_lookup
    current = current[int(bit)]
                      ^^^^^^^^
ValueError: invalid literal for int() with base 10: 'lineaAuto'

During handling of the above exception, another exception occurred:

Traceback (most recent call last):
  File "C:\Users\jacastillo\Documents\GitHub\PACIFICO\venv\Lib\site-packages\django\template\base.py", line 906, in _resolve_lookup
    raise VariableDoesNotExist(
django.template.base.VariableDoesNotExist: Failed lookup for key [lineaAuto] in {'auxMonto2': Decimal('23331.10'), 'numero_cotizacion': 957, 'r1': Decimal('12.84'), 'tasaEstimada': Decimal('9.54'), 'calcComiCierreFinal': Decimal('14.27'), 'auxPlazoPago': 120, 'wrkLetraSinSeguros': Decimal('316.73'), 'wrkLetraSeguro': Decimal('18.37'), 'wrkMontoLetra': Decimal('335.10'), 'montoMensualSeguro': Decimal('38.74'), 'wrkLetraConSeguros': Decimal('373.84'), 'tablaTotalPagos': Decimal('40212.00'), 'nombreCliente': 'RECONOCIMIENTO A LA AGENCIA PATRONO 648', 'valorAuto': Decimal('20000.00'), 'abono': Decimal('0.00'), 'auxPeriocidad': 1, 'salarioBaseMensual': Decimal('0.00'), 'totalDescuentosLegales': Decimal('0.00'), 'totalDescuentoDirecto': Decimal('0.00'), 'totalPagoVoluntario': Decimal('0.00'), 'salarioNetoActual': Decimal('0.00'), 'salarioNeto': Decimal('-373.84'), 'porSalarioNeto': Decimal('0.00'), 'totalIngresosAdicionales': Decimal('0.00'), 'totalIngresosMensualesCompleto': Decimal('0.00'), 'totalDescuentosLegalesCompleto': Decimal('0.00'), 'salarioNetoActualCompleto': Decimal('0.00'), 'salarioNetoCompleto': Decimal('-373.84'), 'porSalarioNetoCompleto': Decimal('0.00'), 'cosalarioBaseMensual': None, 'cototalDescuentosLegales': None, 'cototalDescuentoDirecto': None, 'cototalPagoVoluntario': None, 'cosalarioNetoActual': None, 'cosalarioNeto': None, 'coporSalarioNeto': None, 'cototalIngresosAdicionales': Decimal('0.00'), 'cototalIngresosMensualesCompleto': None, 'cototalDescuentosLegalesCompleto': None, 'cosalarioNetoActualCompleto': None, 'cosalarioNetoCompleto': None, 'coporSalarioNetoCompleto': None, 'porcentajeLetraSeguro': 0, 'coporcentajeLetraSeguro': 0, 'porcentajeLetraSeguroCompleto': 0, 'coporcentajeLetraSeguroCompleto': 0, 'familiarSalarioBaseMensual': 0, 'familiarSalarioNeto': Decimal('-373.84'), 'wrkMontoLetraMensual': Decimal('335.10'), 'familiarporNetoActual': 0, 'familiarpoSalarioNeto': 0, 'familiarNetoActualCompleto': 0, 'familiarporNetoActualCompleto': 0, 'familiarSalarioNetoCompleto': Decimal('-373.84'), 'familiarporSalarioNeto': 0}
DEBUG:django.template:Exception while resolving variable 'lineaAuto' in template 'fideicomiso_form.html'.
Traceback (most recent call last):
  File "C:\Users\jacastillo\Documents\GitHub\PACIFICO\venv\Lib\site-packages\django\template\base.py", line 883, in _resolve_lookup
    current = current[bit]
              ~~~~~~~^^^^^
KeyError: 'lineaAuto'

During handling of the above exception, another exception occurred:

Traceback (most recent call last):
  File "C:\Users\jacastillo\Documents\GitHub\PACIFICO\venv\Lib\site-packages\django\template\base.py", line 893, in _resolve_lookup
    current = getattr(current, bit)
              ^^^^^^^^^^^^^^^^^^^^^
AttributeError: 'dict' object has no attribute 'lineaAuto'

During handling of the above exception, another exception occurred:

Traceback (most recent call last):
  File "C:\Users\jacastillo\Documents\GitHub\PACIFICO\venv\Lib\site-packages\django\template\base.py", line 899, in _resolve_lookup
    current = current[int(bit)]
                      ^^^^^^^^
ValueError: invalid literal for int() with base 10: 'lineaAuto'

During handling of the above exception, another exception occurred:

Traceback (most recent call last):
  File "C:\Users\jacastillo\Documents\GitHub\PACIFICO\venv\Lib\site-packages\django\template\base.py", line 906, in _resolve_lookup
    raise VariableDoesNotExist(
django.template.base.VariableDoesNotExist: Failed lookup for key [lineaAuto] in {'auxMonto2': Decimal('23331.10'), 'numero_cotizacion': 957, 'r1': Decimal('12.84'), 'tasaEstimada': Decimal('9.54'), 'calcComiCierreFinal': Decimal('14.27'), 'auxPlazoPago': 120, 'wrkLetraSinSeguros': Decimal('316.73'), 'wrkLetraSeguro': Decimal('18.37'), 'wrkMontoLetra': Decimal('335.10'), 'montoMensualSeguro': Decimal('38.74'), 'wrkLetraConSeguros': Decimal('373.84'), 'tablaTotalPagos': Decimal('40212.00'), 'nombreCliente': 'RECONOCIMIENTO A LA AGENCIA PATRONO 648', 'valorAuto': Decimal('20000.00'), 'abono': Decimal('0.00'), 'auxPeriocidad': 1, 'salarioBaseMensual': Decimal('0.00'), 'totalDescuentosLegales': Decimal('0.00'), 'totalDescuentoDirecto': Decimal('0.00'), 'totalPagoVoluntario': Decimal('0.00'), 'salarioNetoActual': Decimal('0.00'), 'salarioNeto': Decimal('-373.84'), 'porSalarioNeto': Decimal('0.00'), 'totalIngresosAdicionales': Decimal('0.00'), 'totalIngresosMensualesCompleto': Decimal('0.00'), 'totalDescuentosLegalesCompleto': Decimal('0.00'), 'salarioNetoActualCompleto': Decimal('0.00'), 'salarioNetoCompleto': Decimal('-373.84'), 'porSalarioNetoCompleto': Decimal('0.00'), 'cosalarioBaseMensual': None, 'cototalDescuentosLegales': None, 'cototalDescuentoDirecto': None, 'cototalPagoVoluntario': None, 'cosalarioNetoActual': None, 'cosalarioNeto': None, 'coporSalarioNeto': None, 'cototalIngresosAdicionales': Decimal('0.00'), 'cototalIngresosMensualesCompleto': None, 'cototalDescuentosLegalesCompleto': None, 'cosalarioNetoActualCompleto': None, 'cosalarioNetoCompleto': None, 'coporSalarioNetoCompleto': None, 'porcentajeLetraSeguro': 0, 'coporcentajeLetraSeguro': 0, 'porcentajeLetraSeguroCompleto': 0, 'coporcentajeLetraSeguroCompleto': 0, 'familiarSalarioBaseMensual': 0, 'familiarSalarioNeto': Decimal('-373.84'), 'wrkMontoLetraMensual': Decimal('335.10'), 'familiarporNetoActual': 0, 'familiarpoSalarioNeto': 0, 'familiarNetoActualCompleto': 0, 'familiarporNetoActualCompleto': 0, 'familiarSalarioNetoCompleto': Decimal('-373.84'), 'familiarporSalarioNeto': 0}
INFO:django.server:"POST /cotizacion/957/ HTTP/1.1" 200 215924
DEBUG:django.db.backends:(0.000) SELECT "django_session"."session_key", "django_session"."session_data", "django_session"."expire_date" FROM "django_session" WHERE ("django_session"."expire_date" > '2025-06-03 17:22:56.402850' AND "django_session"."session_key" = 'crrfsdkr3bs0uwiqfvta49u99thbwqon') LIMIT 21; args=('2025-06-03 17:22:56.402850', 'crrfsdkr3bs0uwiqfvta49u99thbwqon'); alias=default
DEBUG:django.db.backends:(0.000) SELECT "auth_user"."id", "auth_user"."password", "auth_user"."last_login", "auth_user"."is_superuser", "auth_user"."username", "auth_user"."first_name", "auth_user"."last_name", "auth_user"."email", "auth_user"."is_staff", "auth_user"."is_active", "auth_user"."date_joined" FROM "auth_user" WHERE "auth_user"."id" = 3 LIMIT 21; args=(3,); alias=default
DEBUG:django.db.backends:(0.000) SELECT COUNT(*) AS "__count" FROM "mantenimiento_promocion"; args=(); alias=default
DEBUG:django.db.backends:(0.000) SELECT COUNT(*) AS "__count" FROM "mantenimiento_promocion"; args=(); alias=default
DEBUG:django.db.backends:(0.000) SELECT "mantenimiento_promocion"."id", "mantenimiento_promocion"."descripcion", "mantenimiento_promocion"."comentario", "mantenimiento_promocion"."fecha_inicio", "mantenimiento_promocion"."fecha_fin", "mantenimiento_promocion"."activa", "mantenimiento_promocion"."producto", "mantenimiento_promocion"."incentivo", "mantenimiento_promocion"."dirigido_a", "mantenimiento_promocion"."vendedorTipo", "mantenimiento_promocion"."monto", "mantenimiento_promocion"."porcentaje", "mantenimiento_promocion"."no_letras" FROM "mantenimiento_promocion" ORDER BY "mantenimiento_promocion"."fecha_inicio" DESC, "mantenimiento_promocion"."id" DESC; args=(); alias=default
DEBUG:django.db.backends:(0.000) SELECT MIN("mantenimiento_promocion"."fecha_inicio") AS "first", MAX("mantenimiento_promocion"."fecha_inicio") AS "last" FROM "mantenimiento_promocion"; args=(); alias=default
DEBUG:django.db.backends:(0.000) SELECT DISTINCT django_date_trunc('month', "mantenimiento_promocion"."fecha_inicio", NULL, NULL) AS "datefield" FROM "mantenimiento_promocion" WHERE "mantenimiento_promocion"."fecha_inicio" IS NOT NULL ORDER BY 1 ASC; args=('month', None, None); alias=default
INFO:django.server:"GET /admin/mantenimiento/promocion/ HTTP/1.1" 200 27966
DEBUG:django.db.backends:(0.000) SELECT "django_session"."session_key", "django_session"."session_data", "django_session"."expire_date" FROM "django_session" WHERE ("django_session"."expire_date" > '2025-06-03 17:22:56.504789' AND "django_session"."session_key" = 'crrfsdkr3bs0uwiqfvta49u99thbwqon') LIMIT 21; args=('2025-06-03 17:22:56.504789', 'crrfsdkr3bs0uwiqfvta49u99thbwqon'); alias=default
DEBUG:django.db.backends:(0.000) SELECT "auth_user"."id", "auth_user"."password", "auth_user"."last_login", "auth_user"."is_superuser", "auth_user"."username", "auth_user"."first_name", "auth_user"."last_name", "auth_user"."email", "auth_user"."is_staff", "auth_user"."is_active", "auth_user"."date_joined" FROM "auth_user" WHERE "auth_user"."id" = 3 LIMIT 21; args=(3,); alias=default
INFO:django.server:"GET /admin/jsi18n/ HTTP/1.1" 200 3342
INFO:django.server:"GET /static/admin/img/icon-no.svg HTTP/1.1" 200 560
DEBUG:django.db.backends:(0.000) SELECT "django_session"."session_key", "django_session"."session_data", "django_session"."expire_date" FROM "django_session" WHERE ("django_session"."expire_date" > '2025-06-03 17:23:15.381310' AND "django_session"."session_key" = 'crrfsdkr3bs0uwiqfvta49u99thbwqon') LIMIT 21; args=('2025-06-03 17:23:15.381310', 'crrfsdkr3bs0uwiqfvta49u99thbwqon'); alias=default
DEBUG:django.db.backends:(0.000) SELECT "auth_user"."id", "auth_user"."password", "auth_user"."last_login", "auth_user"."is_superuser", "auth_user"."username", "auth_user"."first_name", "auth_user"."last_name", "auth_user"."email", "auth_user"."is_staff", "auth_user"."is_active", "auth_user"."date_joined" FROM "auth_user" WHERE "auth_user"."id" = 3 LIMIT 21; args=(3,); alias=default
DEBUG:django.db.backends:(0.000) BEGIN; args=None; alias=default
DEBUG:django.db.backends:(0.000) SELECT "mantenimiento_promocion"."id", "mantenimiento_promocion"."descripcion", "mantenimiento_promocion"."comentario", "mantenimiento_promocion"."fecha_inicio", "mantenimiento_promocion"."fecha_fin", "mantenimiento_promocion"."activa", "mantenimiento_promocion"."producto", "mantenimiento_promocion"."incentivo", "mantenimiento_promocion"."dirigido_a", "mantenimiento_promocion"."vendedorTipo", "mantenimiento_promocion"."monto", "mantenimiento_promocion"."porcentaje", "mantenimiento_promocion"."no_letras" FROM "mantenimiento_promocion" WHERE "mantenimiento_promocion"."id" = 5 LIMIT 21; args=(5,); alias=default
DEBUG:django.db.backends:(0.000) SELECT "mantenimiento_targetpromocion"."id", "mantenimiento_targetpromocion"."promocion_id", "mantenimiento_targetpromocion"."patcat", "mantenimiento_targetpromocion"."agrupador", "mantenimiento_targetpromocion"."todos" FROM "mantenimiento_targetpromocion" WHERE "mantenimiento_targetpromocion"."promocion_id" = 5 ORDER BY "mantenimiento_targetpromocion"."id" ASC; args=(5,); alias=default
DEBUG:django.db.backends:(0.000) COMMIT; args=None; alias=default
DEBUG:django.db.backends:(0.000) SELECT "mantenimiento_promocion"."id", "mantenimiento_promocion"."descripcion", "mantenimiento_promocion"."comentario", "mantenimiento_promocion"."fecha_inicio", "mantenimiento_promocion"."fecha_fin", "mantenimiento_promocion"."activa", "mantenimiento_promocion"."producto", "mantenimiento_promocion"."incentivo", "mantenimiento_promocion"."dirigido_a", "mantenimiento_promocion"."vendedorTipo", "mantenimiento_promocion"."monto", "mantenimiento_promocion"."porcentaje", "mantenimiento_promocion"."no_letras" FROM "mantenimiento_promocion" WHERE "mantenimiento_promocion"."id" = 5 LIMIT 21; args=(5,); alias=default
INFO:django.server:"GET /admin/mantenimiento/promocion/5/change/ HTTP/1.1" 200 32786
DEBUG:django.db.backends:(0.000) SELECT "django_session"."session_key", "django_session"."session_data", "django_session"."expire_date" FROM "django_session" WHERE ("django_session"."expire_date" > '2025-06-03 17:23:15.450701' AND "django_session"."session_key" = 'crrfsdkr3bs0uwiqfvta49u99thbwqon') LIMIT 21; args=('2025-06-03 17:23:15.450701', 'crrfsdkr3bs0uwiqfvta49u99thbwqon'); alias=default
DEBUG:django.db.backends:(0.000) SELECT "auth_user"."id", "auth_user"."password", "auth_user"."last_login", "auth_user"."is_superuser", "auth_user"."username", "auth_user"."first_name", "auth_user"."last_name", "auth_user"."email", "auth_user"."is_staff", "auth_user"."is_active", "auth_user"."date_joined" FROM "auth_user" WHERE "auth_user"."id" = 3 LIMIT 21; args=(3,); alias=default
INFO:django.server:"GET /admin/jsi18n/ HTTP/1.1" 200 3342
DEBUG:django.db.backends:(0.000) SELECT "django_session"."session_key", "django_session"."session_data", "django_session"."expire_date" FROM "django_session" WHERE ("django_session"."expire_date" > '2025-06-03 17:23:44.490036' AND "django_session"."session_key" = 'crrfsdkr3bs0uwiqfvta49u99thbwqon') LIMIT 21; args=('2025-06-03 17:23:44.490036', 'crrfsdkr3bs0uwiqfvta49u99thbwqon'); alias=default
DEBUG:django.db.backends:(0.000) SELECT "auth_user"."id", "auth_user"."password", "auth_user"."last_login", "auth_user"."is_superuser", "auth_user"."username", "auth_user"."first_name", "auth_user"."last_name", "auth_user"."email", "auth_user"."is_staff", "auth_user"."is_active", "auth_user"."date_joined" FROM "auth_user" WHERE "auth_user"."id" = 3 LIMIT 21; args=(3,); alias=default
DEBUG:django.db.backends:(0.000) SELECT COUNT(*) AS "__count" FROM "mantenimiento_promocion"; args=(); alias=default
DEBUG:django.db.backends:(0.000) SELECT COUNT(*) AS "__count" FROM "mantenimiento_promocion"; args=(); alias=default
DEBUG:django.db.backends:(0.000) SELECT "mantenimiento_promocion"."id", "mantenimiento_promocion"."descripcion", "mantenimiento_promocion"."comentario", "mantenimiento_promocion"."fecha_inicio", "mantenimiento_promocion"."fecha_fin", "mantenimiento_promocion"."activa", "mantenimiento_promocion"."producto", "mantenimiento_promocion"."incentivo", "mantenimiento_promocion"."dirigido_a", "mantenimiento_promocion"."vendedorTipo", "mantenimiento_promocion"."monto", "mantenimiento_promocion"."porcentaje", "mantenimiento_promocion"."no_letras" FROM "mantenimiento_promocion" ORDER BY "mantenimiento_promocion"."fecha_inicio" DESC, "mantenimiento_promocion"."id" DESC; args=(); alias=default
DEBUG:django.db.backends:(0.000) SELECT MIN("mantenimiento_promocion"."fecha_inicio") AS "first", MAX("mantenimiento_promocion"."fecha_inicio") AS "last" FROM "mantenimiento_promocion"; args=(); alias=default
DEBUG:django.db.backends:(0.000) SELECT DISTINCT django_date_trunc('month', "mantenimiento_promocion"."fecha_inicio", NULL, NULL) AS "datefield" FROM "mantenimiento_promocion" WHERE "mantenimiento_promocion"."fecha_inicio" IS NOT NULL ORDER BY 1 ASC; args=('month', None, None); alias=default
INFO:django.server:"GET /admin/mantenimiento/promocion/ HTTP/1.1" 200 27442
DEBUG:django.db.backends:(0.000) SELECT "django_session"."session_key", "django_session"."session_data", "django_session"."expire_date" FROM "django_session" WHERE ("django_session"."expire_date" > '2025-06-03 17:23:44.549037' AND "django_session"."session_key" = 'crrfsdkr3bs0uwiqfvta49u99thbwqon') LIMIT 21; args=('2025-06-03 17:23:44.549037', 'crrfsdkr3bs0uwiqfvta49u99thbwqon'); alias=default
DEBUG:django.db.backends:(0.000) SELECT "auth_user"."id", "auth_user"."password", "auth_user"."last_login", "auth_user"."is_superuser", "auth_user"."username", "auth_user"."first_name", "auth_user"."last_name", "auth_user"."email", "auth_user"."is_staff", "auth_user"."is_active", "auth_user"."date_joined" FROM "auth_user" WHERE "auth_user"."id" = 3 LIMIT 21; args=(3,); alias=default
INFO:django.server:"GET /admin/jsi18n/ HTTP/1.1" 200 3342
DEBUG:django.db.backends:(0.000) SELECT "django_session"."session_key", "django_session"."session_data", "django_session"."expire_date" FROM "django_session" WHERE ("django_session"."expire_date" > '2025-06-03 17:24:05.702505' AND "django_session"."session_key" = 'crrfsdkr3bs0uwiqfvta49u99thbwqon') LIMIT 21; args=('2025-06-03 17:24:05.702505', 'crrfsdkr3bs0uwiqfvta49u99thbwqon'); alias=default
DEBUG:django.db.backends:(0.000) SELECT "auth_user"."id", "auth_user"."password", "auth_user"."last_login", "auth_user"."is_superuser", "auth_user"."username", "auth_user"."first_name", "auth_user"."last_name", "auth_user"."email", "auth_user"."is_staff", "auth_user"."is_active", "auth_user"."date_joined" FROM "auth_user" WHERE "auth_user"."id" = 3 LIMIT 21; args=(3,); alias=default
DEBUG:django.db.backends:(0.000) BEGIN; args=None; alias=default
DEBUG:django.db.backends:(0.000) SELECT "mantenimiento_promocion"."id", "mantenimiento_promocion"."descripcion", "mantenimiento_promocion"."comentario", "mantenimiento_promocion"."fecha_inicio", "mantenimiento_promocion"."fecha_fin", "mantenimiento_promocion"."activa", "mantenimiento_promocion"."producto", "mantenimiento_promocion"."incentivo", "mantenimiento_promocion"."dirigido_a", "mantenimiento_promocion"."vendedorTipo", "mantenimiento_promocion"."monto", "mantenimiento_promocion"."porcentaje", "mantenimiento_promocion"."no_letras" FROM "mantenimiento_promocion" WHERE "mantenimiento_promocion"."id" = 4 LIMIT 21; args=(4,); alias=default
DEBUG:django.db.backends:(0.000) SELECT "mantenimiento_targetpromocion"."id", "mantenimiento_targetpromocion"."promocion_id", "mantenimiento_targetpromocion"."patcat", "mantenimiento_targetpromocion"."agrupador", "mantenimiento_targetpromocion"."todos" FROM "mantenimiento_targetpromocion" WHERE "mantenimiento_targetpromocion"."promocion_id" = 4 ORDER BY "mantenimiento_targetpromocion"."id" ASC; args=(4,); alias=default
DEBUG:django.db.backends:(0.000) COMMIT; args=None; alias=default
DEBUG:django.db.backends:(0.000) SELECT "mantenimiento_promocion"."id", "mantenimiento_promocion"."descripcion", "mantenimiento_promocion"."comentario", "mantenimiento_promocion"."fecha_inicio", "mantenimiento_promocion"."fecha_fin", "mantenimiento_promocion"."activa", "mantenimiento_promocion"."producto", "mantenimiento_promocion"."incentivo", "mantenimiento_promocion"."dirigido_a", "mantenimiento_promocion"."vendedorTipo", "mantenimiento_promocion"."monto", "mantenimiento_promocion"."porcentaje", "mantenimiento_promocion"."no_letras" FROM "mantenimiento_promocion" WHERE "mantenimiento_promocion"."id" = 4 LIMIT 21; args=(4,); alias=default
DEBUG:django.db.backends:(0.000) SELECT "mantenimiento_promocion"."id", "mantenimiento_promocion"."descripcion", "mantenimiento_promocion"."comentario", "mantenimiento_promocion"."fecha_inicio", "mantenimiento_promocion"."fecha_fin", "mantenimiento_promocion"."activa", "mantenimiento_promocion"."producto", "mantenimiento_promocion"."incentivo", "mantenimiento_promocion"."dirigido_a", "mantenimiento_promocion"."vendedorTipo", "mantenimiento_promocion"."monto", "mantenimiento_promocion"."porcentaje", "mantenimiento_promocion"."no_letras" FROM "mantenimiento_promocion" WHERE "mantenimiento_promocion"."id" = 4 LIMIT 21; args=(4,); alias=default
INFO:django.server:"GET /admin/mantenimiento/promocion/4/change/ HTTP/1.1" 200 34339
DEBUG:django.db.backends:(0.016) SELECT "django_session"."session_key", "django_session"."session_data", "django_session"."expire_date" FROM "django_session" WHERE ("django_session"."expire_date" > '2025-06-03 17:24:05.775212' AND "django_session"."session_key" = 'crrfsdkr3bs0uwiqfvta49u99thbwqon') LIMIT 21; args=('2025-06-03 17:24:05.775212', 'crrfsdkr3bs0uwiqfvta49u99thbwqon'); alias=default
DEBUG:django.db.backends:(0.000) SELECT "auth_user"."id", "auth_user"."password", "auth_user"."last_login", "auth_user"."is_superuser", "auth_user"."username", "auth_user"."first_name", "auth_user"."last_name", "auth_user"."email", "auth_user"."is_staff", "auth_user"."is_active", "auth_user"."date_joined" FROM "auth_user" WHERE "auth_user"."id" = 3 LIMIT 21; args=(3,); alias=default
INFO:django.server:"GET /admin/jsi18n/ HTTP/1.1" 200 3342
DEBUG:django.db.backends:(0.000) SELECT "django_session"."session_key", "django_session"."session_data", "django_session"."expire_date" FROM "django_session" WHERE ("django_session"."expire_date" > '2025-06-03 17:24:21.874267' AND "django_session"."session_key" = 'crrfsdkr3bs0uwiqfvta49u99thbwqon') LIMIT 21; args=('2025-06-03 17:24:21.874267', 'crrfsdkr3bs0uwiqfvta49u99thbwqon'); alias=default
DEBUG:django.db.backends:(0.000) SELECT "auth_user"."id", "auth_user"."password", "auth_user"."last_login", "auth_user"."is_superuser", "auth_user"."username", "auth_user"."first_name", "auth_user"."last_name", "auth_user"."email", "auth_user"."is_staff", "auth_user"."is_active", "auth_user"."date_joined" FROM "auth_user" WHERE "auth_user"."id" = 3 LIMIT 21; args=(3,); alias=default
DEBUG:django.db.backends:(0.000) SELECT COUNT(*) AS "__count" FROM "mantenimiento_promocion"; args=(); alias=default
DEBUG:django.db.backends:(0.000) SELECT COUNT(*) AS "__count" FROM "mantenimiento_promocion"; args=(); alias=default
DEBUG:django.db.backends:(0.000) SELECT "mantenimiento_promocion"."id", "mantenimiento_promocion"."descripcion", "mantenimiento_promocion"."comentario", "mantenimiento_promocion"."fecha_inicio", "mantenimiento_promocion"."fecha_fin", "mantenimiento_promocion"."activa", "mantenimiento_promocion"."producto", "mantenimiento_promocion"."incentivo", "mantenimiento_promocion"."dirigido_a", "mantenimiento_promocion"."vendedorTipo", "mantenimiento_promocion"."monto", "mantenimiento_promocion"."porcentaje", "mantenimiento_promocion"."no_letras" FROM "mantenimiento_promocion" ORDER BY "mantenimiento_promocion"."fecha_inicio" DESC, "mantenimiento_promocion"."id" DESC; args=(); alias=default
DEBUG:django.db.backends:(0.000) SELECT MIN("mantenimiento_promocion"."fecha_inicio") AS "first", MAX("mantenimiento_promocion"."fecha_inicio") AS "last" FROM "mantenimiento_promocion"; args=(); alias=default
DEBUG:django.db.backends:(0.000) SELECT DISTINCT django_date_trunc('month', "mantenimiento_promocion"."fecha_inicio", NULL, NULL) AS "datefield" FROM "mantenimiento_promocion" WHERE "mantenimiento_promocion"."fecha_inicio" IS NOT NULL ORDER BY 1 ASC; args=('month', None, None); alias=default
INFO:django.server:"GET /admin/mantenimiento/promocion/ HTTP/1.1" 200 27442
DEBUG:django.db.backends:(0.000) SELECT "django_session"."session_key", "django_session"."session_data", "django_session"."expire_date" FROM "django_session" WHERE ("django_session"."expire_date" > '2025-06-03 17:24:21.936268' AND "django_session"."session_key" = 'crrfsdkr3bs0uwiqfvta49u99thbwqon') LIMIT 21; args=('2025-06-03 17:24:21.936268', 'crrfsdkr3bs0uwiqfvta49u99thbwqon'); alias=default
DEBUG:django.db.backends:(0.000) SELECT "auth_user"."id", "auth_user"."password", "auth_user"."last_login", "auth_user"."is_superuser", "auth_user"."username", "auth_user"."first_name", "auth_user"."last_name", "auth_user"."email", "auth_user"."is_staff", "auth_user"."is_active", "auth_user"."date_joined" FROM "auth_user" WHERE "auth_user"."id" = 3 LIMIT 21; args=(3,); alias=default
INFO:django.server:"GET /admin/jsi18n/ HTTP/1.1" 200 3342
DEBUG:django.db.backends:(0.000) SELECT "django_session"."session_key", "django_session"."session_data", "django_session"."expire_date" FROM "django_session" WHERE ("django_session"."expire_date" > '2025-06-03 17:24:25.045354' AND "django_session"."session_key" = 'crrfsdkr3bs0uwiqfvta49u99thbwqon') LIMIT 21; args=('2025-06-03 17:24:25.045354', 'crrfsdkr3bs0uwiqfvta49u99thbwqon'); alias=default
DEBUG:django.db.backends:(0.000) SELECT "auth_user"."id", "auth_user"."password", "auth_user"."last_login", "auth_user"."is_superuser", "auth_user"."username", "auth_user"."first_name", "auth_user"."last_name", "auth_user"."email", "auth_user"."is_staff", "auth_user"."is_active", "auth_user"."date_joined" FROM "auth_user" WHERE "auth_user"."id" = 3 LIMIT 21; args=(3,); alias=default
DEBUG:django.db.backends:(0.000) BEGIN; args=None; alias=default
DEBUG:django.db.backends:(0.000) SELECT "mantenimiento_promocion"."id", "mantenimiento_promocion"."descripcion", "mantenimiento_promocion"."comentario", "mantenimiento_promocion"."fecha_inicio", "mantenimiento_promocion"."fecha_fin", "mantenimiento_promocion"."activa", "mantenimiento_promocion"."producto", "mantenimiento_promocion"."incentivo", "mantenimiento_promocion"."dirigido_a", "mantenimiento_promocion"."vendedorTipo", "mantenimiento_promocion"."monto", "mantenimiento_promocion"."porcentaje", "mantenimiento_promocion"."no_letras" FROM "mantenimiento_promocion" WHERE "mantenimiento_promocion"."id" = 3 LIMIT 21; args=(3,); alias=default
DEBUG:django.db.backends:(0.000) SELECT "mantenimiento_targetpromocion"."id", "mantenimiento_targetpromocion"."promocion_id", "mantenimiento_targetpromocion"."patcat", "mantenimiento_targetpromocion"."agrupador", "mantenimiento_targetpromocion"."todos" FROM "mantenimiento_targetpromocion" WHERE "mantenimiento_targetpromocion"."promocion_id" = 3 ORDER BY "mantenimiento_targetpromocion"."id" ASC; args=(3,); alias=default
DEBUG:django.db.backends:(0.000) COMMIT; args=None; alias=default
DEBUG:django.db.backends:(0.000) SELECT "mantenimiento_promocion"."id", "mantenimiento_promocion"."descripcion", "mantenimiento_promocion"."comentario", "mantenimiento_promocion"."fecha_inicio", "mantenimiento_promocion"."fecha_fin", "mantenimiento_promocion"."activa", "mantenimiento_promocion"."producto", "mantenimiento_promocion"."incentivo", "mantenimiento_promocion"."dirigido_a", "mantenimiento_promocion"."vendedorTipo", "mantenimiento_promocion"."monto", "mantenimiento_promocion"."porcentaje", "mantenimiento_promocion"."no_letras" FROM "mantenimiento_promocion" WHERE "mantenimiento_promocion"."id" = 3 LIMIT 21; args=(3,); alias=default
INFO:django.server:"GET /admin/mantenimiento/promocion/3/change/ HTTP/1.1" 200 32762
DEBUG:django.db.backends:(0.000) SELECT "django_session"."session_key", "django_session"."session_data", "django_session"."expire_date" FROM "django_session" WHERE ("django_session"."expire_date" > '2025-06-03 17:24:25.120237' AND "django_session"."session_key" = 'crrfsdkr3bs0uwiqfvta49u99thbwqon') LIMIT 21; args=('2025-06-03 17:24:25.120237', 'crrfsdkr3bs0uwiqfvta49u99thbwqon'); alias=default
DEBUG:django.db.backends:(0.000) SELECT "auth_user"."id", "auth_user"."password", "auth_user"."last_login", "auth_user"."is_superuser", "auth_user"."username", "auth_user"."first_name", "auth_user"."last_name", "auth_user"."email", "auth_user"."is_staff", "auth_user"."is_active", "auth_user"."date_joined" FROM "auth_user" WHERE "auth_user"."id" = 3 LIMIT 21; args=(3,); alias=default
INFO:django.server:"GET /admin/jsi18n/ HTTP/1.1" 200 3342
DEBUG:django.db.backends:(0.000) SELECT "django_session"."session_key", "django_session"."session_data", "django_session"."expire_date" FROM "django_session" WHERE ("django_session"."expire_date" > '2025-06-03 17:24:54.284608' AND "django_session"."session_key" = 'crrfsdkr3bs0uwiqfvta49u99thbwqon') LIMIT 21; args=('2025-06-03 17:24:54.284608', 'crrfsdkr3bs0uwiqfvta49u99thbwqon'); alias=default
DEBUG:django.db.backends:(0.000) SELECT "auth_user"."id", "auth_user"."password", "auth_user"."last_login", "auth_user"."is_superuser", "auth_user"."username", "auth_user"."first_name", "auth_user"."last_name", "auth_user"."email", "auth_user"."is_staff", "auth_user"."is_active", "auth_user"."date_joined" FROM "auth_user" WHERE "auth_user"."id" = 3 LIMIT 21; args=(3,); alias=default
DEBUG:django.db.backends:(0.000) SELECT COUNT(*) AS "__count" FROM "mantenimiento_promocion"; args=(); alias=default
DEBUG:django.db.backends:(0.000) SELECT COUNT(*) AS "__count" FROM "mantenimiento_promocion"; args=(); alias=default
DEBUG:django.db.backends:(0.000) SELECT "mantenimiento_promocion"."id", "mantenimiento_promocion"."descripcion", "mantenimiento_promocion"."comentario", "mantenimiento_promocion"."fecha_inicio", "mantenimiento_promocion"."fecha_fin", "mantenimiento_promocion"."activa", "mantenimiento_promocion"."producto", "mantenimiento_promocion"."incentivo", "mantenimiento_promocion"."dirigido_a", "mantenimiento_promocion"."vendedorTipo", "mantenimiento_promocion"."monto", "mantenimiento_promocion"."porcentaje", "mantenimiento_promocion"."no_letras" FROM "mantenimiento_promocion" ORDER BY "mantenimiento_promocion"."fecha_inicio" DESC, "mantenimiento_promocion"."id" DESC; args=(); alias=default
DEBUG:django.db.backends:(0.000) SELECT MIN("mantenimiento_promocion"."fecha_inicio") AS "first", MAX("mantenimiento_promocion"."fecha_inicio") AS "last" FROM "mantenimiento_promocion"; args=(); alias=default
DEBUG:django.db.backends:(0.000) SELECT DISTINCT django_date_trunc('month', "mantenimiento_promocion"."fecha_inicio", NULL, NULL) AS "datefield" FROM "mantenimiento_promocion" WHERE "mantenimiento_promocion"."fecha_inicio" IS NOT NULL ORDER BY 1 ASC; args=('month', None, None); alias=default
INFO:django.server:"GET /admin/mantenimiento/promocion/ HTTP/1.1" 200 27442
DEBUG:django.db.backends:(0.000) SELECT "django_session"."session_key", "django_session"."session_data", "django_session"."expire_date" FROM "django_session" WHERE ("django_session"."expire_date" > '2025-06-03 17:24:54.346606' AND "django_session"."session_key" = 'crrfsdkr3bs0uwiqfvta49u99thbwqon') LIMIT 21; args=('2025-06-03 17:24:54.346606', 'crrfsdkr3bs0uwiqfvta49u99thbwqon'); alias=default
DEBUG:django.db.backends:(0.000) SELECT "auth_user"."id", "auth_user"."password", "auth_user"."last_login", "auth_user"."is_superuser", "auth_user"."username", "auth_user"."first_name", "auth_user"."last_name", "auth_user"."email", "auth_user"."is_staff", "auth_user"."is_active", "auth_user"."date_joined" FROM "auth_user" WHERE "auth_user"."id" = 3 LIMIT 21; args=(3,); alias=default
INFO:django.server:"GET /admin/jsi18n/ HTTP/1.1" 200 3342
DEBUG:django.db.backends:(0.000) SELECT "django_session"."session_key", "django_session"."session_data", "django_session"."expire_date" FROM "django_session" WHERE ("django_session"."expire_date" > '2025-06-03 17:25:03.116519' AND "django_session"."session_key" = 'crrfsdkr3bs0uwiqfvta49u99thbwqon') LIMIT 21; args=('2025-06-03 17:25:03.116519', 'crrfsdkr3bs0uwiqfvta49u99thbwqon'); alias=default
DEBUG:django.db.backends:(0.000) SELECT "auth_user"."id", "auth_user"."password", "auth_user"."last_login", "auth_user"."is_superuser", "auth_user"."username", "auth_user"."first_name", "auth_user"."last_name", "auth_user"."email", "auth_user"."is_staff", "auth_user"."is_active", "auth_user"."date_joined" FROM "auth_user" WHERE "auth_user"."id" = 3 LIMIT 21; args=(3,); alias=default
DEBUG:django.db.backends:(0.000) BEGIN; args=None; alias=default
DEBUG:django.db.backends:(0.000) SELECT "mantenimiento_promocion"."id", "mantenimiento_promocion"."descripcion", "mantenimiento_promocion"."comentario", "mantenimiento_promocion"."fecha_inicio", "mantenimiento_promocion"."fecha_fin", "mantenimiento_promocion"."activa", "mantenimiento_promocion"."producto", "mantenimiento_promocion"."incentivo", "mantenimiento_promocion"."dirigido_a", "mantenimiento_promocion"."vendedorTipo", "mantenimiento_promocion"."monto", "mantenimiento_promocion"."porcentaje", "mantenimiento_promocion"."no_letras" FROM "mantenimiento_promocion" WHERE "mantenimiento_promocion"."id" = 2 LIMIT 21; args=(2,); alias=default
DEBUG:django.db.backends:(0.000) SELECT "mantenimiento_targetpromocion"."id", "mantenimiento_targetpromocion"."promocion_id", "mantenimiento_targetpromocion"."patcat", "mantenimiento_targetpromocion"."agrupador", "mantenimiento_targetpromocion"."todos" FROM "mantenimiento_targetpromocion" WHERE "mantenimiento_targetpromocion"."promocion_id" = 2 ORDER BY "mantenimiento_targetpromocion"."id" ASC; args=(2,); alias=default
DEBUG:django.db.backends:(0.000) COMMIT; args=None; alias=default
DEBUG:django.db.backends:(0.000) SELECT "mantenimiento_promocion"."id", "mantenimiento_promocion"."descripcion", "mantenimiento_promocion"."comentario", "mantenimiento_promocion"."fecha_inicio", "mantenimiento_promocion"."fecha_fin", "mantenimiento_promocion"."activa", "mantenimiento_promocion"."producto", "mantenimiento_promocion"."incentivo", "mantenimiento_promocion"."dirigido_a", "mantenimiento_promocion"."vendedorTipo", "mantenimiento_promocion"."monto", "mantenimiento_promocion"."porcentaje", "mantenimiento_promocion"."no_letras" FROM "mantenimiento_promocion" WHERE "mantenimiento_promocion"."id" = 2 LIMIT 21; args=(2,); alias=default
INFO:django.server:"GET /admin/mantenimiento/promocion/2/change/ HTTP/1.1" 200 32666
DEBUG:django.db.backends:(0.000) SELECT "django_session"."session_key", "django_session"."session_data", "django_session"."expire_date" FROM "django_session" WHERE ("django_session"."expire_date" > '2025-06-03 17:25:03.187468' AND "django_session"."session_key" = 'crrfsdkr3bs0uwiqfvta49u99thbwqon') LIMIT 21; args=('2025-06-03 17:25:03.187468', 'crrfsdkr3bs0uwiqfvta49u99thbwqon'); alias=default
DEBUG:django.db.backends:(0.000) SELECT "auth_user"."id", "auth_user"."password", "auth_user"."last_login", "auth_user"."is_superuser", "auth_user"."username", "auth_user"."first_name", "auth_user"."last_name", "auth_user"."email", "auth_user"."is_staff", "auth_user"."is_active", "auth_user"."date_joined" FROM "auth_user" WHERE "auth_user"."id" = 3 LIMIT 21; args=(3,); alias=default
INFO:django.server:"GET /admin/jsi18n/ HTTP/1.1" 200 3342
