ERROR:root:name 'ASJDADJ' is not defined
DEBUG:django.db.backends:(0.000) SELECT "pacifico_aseguradora"."id", "pacifico_aseguradora"."descripcion", "pacifico_aseguradora"."codigo" FROM "pacifico_aseguradora"; args=(); alias=default
DEBUG:django.db.backends:(0.000) SELECT "pacifico_cotizaciondocumento"."id", "pacifico_cotizaciondocumento"."cotizacion_id", "pacifico_cotizaciondocumento"."documento", "pacifico_cotizaciondocumento"."tipo_documento", "pacifico_cotizaciondocumento"."fecha", "pacifico_cotizaciondocumento"."observaciones", "pacifico_cotizaciondocumento"."size" FROM "pacifico_cotizaciondocumento" WHERE "pacifico_cotizaciondocumento"."cotizacion_id" = 428; args=(428,); alias=default
DEBUG:django.template:Exception while resolving variable 'lineaAuto' in template 'fideicomiso_form.html'.
Traceback (most recent call last):
  File "/Users/andresrdrgz_/Documents/PACIFICO/venv/lib/python3.11/site-packages/django/template/base.py", line 883, in _resolve_lookup
    current = current[bit]
              ~~~~~~~^^^^^
KeyError: 'lineaAuto'

During handling of the above exception, another exception occurred:

Traceback (most recent call last):
  File "/Users/andresrdrgz_/Documents/PACIFICO/venv/lib/python3.11/site-packages/django/template/base.py", line 893, in _resolve_lookup
    current = getattr(current, bit)
              ^^^^^^^^^^^^^^^^^^^^^
AttributeError: 'dict' object has no attribute 'lineaAuto'

During handling of the above exception, another exception occurred:

Traceback (most recent call last):
  File "/Users/andresrdrgz_/Documents/PACIFICO/venv/lib/python3.11/site-packages/django/template/base.py", line 899, in _resolve_lookup
    current = current[int(bit)]
                      ^^^^^^^^
ValueError: invalid literal for int() with base 10: 'lineaAuto'

During handling of the above exception, another exception occurred:

Traceback (most recent call last):
  File "/Users/andresrdrgz_/Documents/PACIFICO/venv/lib/python3.11/site-packages/django/template/base.py", line 906, in _resolve_lookup
    raise VariableDoesNotExist(
django.template.base.VariableDoesNotExist: Failed lookup for key [lineaAuto] in {'auxMonto2': Decimal('17931.85'), 'numero_cotizacion': 107, 'r1': Decimal('13.00'), 'tasaEstimada': Decimal('9.65'), 'calcComiCierreFinal': Decimal('14.66'), 'auxPlazoPago': 96, 'wrkLetraSinSeguros': Decimal('279.54'), 'wrkLetraSeguro': Decimal('14.12'), 'wrkMontoLetra': Decimal('293.66'), 'montoMensualSeguro': Decimal('34.06'), 'wrkLetraConSeguros': Decimal('327.72'), 'tablaTotalPagos': Decimal('28191.36'), 'nombreCliente': 'KATHERINE NICOLE LONDOÑO DOMINGUEZ', 'valorAuto': Decimal('17881.31'), 'abono': Decimal('2682.20'), 'salarioBaseMensual': Decimal('0.00'), 'totalDescuentosLegales': Decimal('0.00'), 'totalDescuentoDirecto': Decimal('0.00'), 'totalPagoVoluntario': Decimal('0.00'), 'salarioNetoActual': Decimal('0.00'), 'salarioNeto': Decimal('-327.72'), 'porSalarioNeto': Decimal('0.00'), 'totalIngresosAdicionales': Decimal('0.00'), 'totalIngresosMensualesCompleto': Decimal('0.00'), 'totalDescuentosLegalesCompleto': Decimal('0.00'), 'salarioNetoActualCompleto': Decimal('0.00'), 'salarioNetoCompleto': Decimal('-327.72'), 'porSalarioNetoCompleto': Decimal('0.00'), 'cosalarioBaseMensual': None, 'cototalDescuentosLegales': None, 'cototalDescuentoDirecto': None, 'cototalPagoVoluntario': None, 'cosalarioNetoActual': None, 'cosalarioNeto': None, 'coporSalarioNeto': None, 'cototalIngresosAdicionales': Decimal('0.00'), 'cototalIngresosMensualesCompleto': None, 'cototalDescuentosLegalesCompleto': None, 'cosalarioNetoActualCompleto': None, 'cosalarioNetoCompleto': None, 'coporSalarioNetoCompleto': None, 'porcentajeLetraSeguro': 0, 'coporcentajeLetraSeguro': 0, 'porcentajeLetraSeguroCompleto': 0, 'coporcentajeLetraSeguroCompleto': 0, 'familiarSalarioBaseMensual': 0, 'familiarSalarioNeto': Decimal('-327.72'), 'familiarporNetoActual': 0, 'familiarpoSalarioNeto': 0, 'familiarNetoActualCompleto': 0, 'familiarporNetoActualCompleto': 0, 'familiarSalarioNetoCompleto': Decimal('-327.72'), 'familiarporSalarioNeto': 0}
DEBUG:django.template:Exception while resolving variable 'lineaAuto' in template 'fideicomiso_form.html'.
Traceback (most recent call last):
  File "/Users/andresrdrgz_/Documents/PACIFICO/venv/lib/python3.11/site-packages/django/template/base.py", line 883, in _resolve_lookup
    current = current[bit]
              ~~~~~~~^^^^^
KeyError: 'lineaAuto'

During handling of the above exception, another exception occurred:

Traceback (most recent call last):
  File "/Users/andresrdrgz_/Documents/PACIFICO/venv/lib/python3.11/site-packages/django/template/base.py", line 893, in _resolve_lookup
    current = getattr(current, bit)
              ^^^^^^^^^^^^^^^^^^^^^
AttributeError: 'dict' object has no attribute 'lineaAuto'

During handling of the above exception, another exception occurred:

Traceback (most recent call last):
  File "/Users/andresrdrgz_/Documents/PACIFICO/venv/lib/python3.11/site-packages/django/template/base.py", line 899, in _resolve_lookup
    current = current[int(bit)]
                      ^^^^^^^^
ValueError: invalid literal for int() with base 10: 'lineaAuto'

During handling of the above exception, another exception occurred:

Traceback (most recent call last):
  File "/Users/andresrdrgz_/Documents/PACIFICO/venv/lib/python3.11/site-packages/django/template/base.py", line 906, in _resolve_lookup
    raise VariableDoesNotExist(
django.template.base.VariableDoesNotExist: Failed lookup for key [lineaAuto] in {'auxMonto2': Decimal('17931.85'), 'numero_cotizacion': 107, 'r1': Decimal('13.00'), 'tasaEstimada': Decimal('9.65'), 'calcComiCierreFinal': Decimal('14.66'), 'auxPlazoPago': 96, 'wrkLetraSinSeguros': Decimal('279.54'), 'wrkLetraSeguro': Decimal('14.12'), 'wrkMontoLetra': Decimal('293.66'), 'montoMensualSeguro': Decimal('34.06'), 'wrkLetraConSeguros': Decimal('327.72'), 'tablaTotalPagos': Decimal('28191.36'), 'nombreCliente': 'KATHERINE NICOLE LONDOÑO DOMINGUEZ', 'valorAuto': Decimal('17881.31'), 'abono': Decimal('2682.20'), 'salarioBaseMensual': Decimal('0.00'), 'totalDescuentosLegales': Decimal('0.00'), 'totalDescuentoDirecto': Decimal('0.00'), 'totalPagoVoluntario': Decimal('0.00'), 'salarioNetoActual': Decimal('0.00'), 'salarioNeto': Decimal('-327.72'), 'porSalarioNeto': Decimal('0.00'), 'totalIngresosAdicionales': Decimal('0.00'), 'totalIngresosMensualesCompleto': Decimal('0.00'), 'totalDescuentosLegalesCompleto': Decimal('0.00'), 'salarioNetoActualCompleto': Decimal('0.00'), 'salarioNetoCompleto': Decimal('-327.72'), 'porSalarioNetoCompleto': Decimal('0.00'), 'cosalarioBaseMensual': None, 'cototalDescuentosLegales': None, 'cototalDescuentoDirecto': None, 'cototalPagoVoluntario': None, 'cosalarioNetoActual': None, 'cosalarioNeto': None, 'coporSalarioNeto': None, 'cototalIngresosAdicionales': Decimal('0.00'), 'cototalIngresosMensualesCompleto': None, 'cototalDescuentosLegalesCompleto': None, 'cosalarioNetoActualCompleto': None, 'cosalarioNetoCompleto': None, 'coporSalarioNetoCompleto': None, 'porcentajeLetraSeguro': 0, 'coporcentajeLetraSeguro': 0, 'porcentajeLetraSeguroCompleto': 0, 'coporcentajeLetraSeguroCompleto': 0, 'familiarSalarioBaseMensual': 0, 'familiarSalarioNeto': Decimal('-327.72'), 'familiarporNetoActual': 0, 'familiarpoSalarioNeto': 0, 'familiarNetoActualCompleto': 0, 'familiarporNetoActualCompleto': 0, 'familiarSalarioNetoCompleto': Decimal('-327.72'), 'familiarporSalarioNeto': 0}
INFO:django.server:"POST /cotizacion/107/ HTTP/1.1" 200 216693
DEBUG:django.utils.autoreload:File /Users/andresrdrgz_/Documents/PACIFICO/venv/lib/python3.11/site-packages/django/contrib/messages/storage/cookie.py first seen with mtime 1732569332.5017526
DEBUG:django.utils.autoreload:File /Users/andresrdrgz_/Documents/PACIFICO/venv/lib/python3.11/site-packages/django/contrib/messages/storage/session.py first seen with mtime 1732569332.5019946
DEBUG:django.utils.autoreload:File /Users/andresrdrgz_/Documents/PACIFICO/venv/lib/python3.11/site-packages/django/contrib/messages/storage/fallback.py first seen with mtime 1732569332.5018916
DEBUG:django.utils.autoreload:File /Users/andresrdrgz_/Documents/PACIFICO/venv/lib/python3.11/site-packages/django/conf/locale/en/__init__.py first seen with mtime 1732569332.0690286
DEBUG:django.utils.autoreload:File /Users/andresrdrgz_/Documents/PACIFICO/venv/lib/python3.11/site-packages/django/conf/locale/en/formats.py first seen with mtime 1732569332.0692546
DEBUG:django.utils.autoreload:File /Users/andresrdrgz_/Documents/PACIFICO/venv/lib/python3.11/site-packages/django/contrib/sessions/serializers.py first seen with mtime 1732569332.5685349
DEBUG:django.utils.autoreload:File /Users/andresrdrgz_/Documents/PACIFICO/venv/lib/python3.11/site-packages/django/contrib/auth/context_processors.py first seen with mtime 1732569332.2745264
DEBUG:django.utils.autoreload:File /Users/andresrdrgz_/Documents/PACIFICO/venv/lib/python3.11/site-packages/django/contrib/messages/context_processors.py first seen with mtime 1732569332.500866
DEBUG:django.utils.autoreload:File /Users/andresrdrgz_/Documents/PACIFICO/venv/lib/python3.11/site-packages/django/template/context_processors.py first seen with mtime 1732569332.7133355
DEBUG:django.utils.autoreload:File /Users/andresrdrgz_/Documents/PACIFICO/financiera/pacifico/fideicomiso/rentabilidad.py previous mtime: 1741279314.2293677, current mtime: 1741279352.7062016
DEBUG:django.utils.autoreload:/Users/andresrdrgz_/Documents/PACIFICO/financiera/pacifico/fideicomiso/rentabilidad.py notified as changed. Signal results: [(<function template_changed at 0x1065acf40>, None), (<function translation_file_changed at 0x10706dc60>, None)].
INFO:django.utils.autoreload:/Users/andresrdrgz_/Documents/PACIFICO/financiera/pacifico/fideicomiso/rentabilidad.py changed, reloading.
